<?xml version="1.0" encoding="UTF-8"?>
<coverage generated="1724850055828" clover="3.2.0">
  <project timestamp="1724850055828" name="All files">
    <metrics statements="100" coveredstatements="100" conditionals="42" coveredconditionals="39" methods="28" coveredmethods="28" elements="170" coveredelements="167" complexity="0" loc="100" ncloc="100" packages="6" files="6" classes="6"/>
    <package name="atoms.Button">
      <metrics statements="5" coveredstatements="5" conditionals="2" coveredconditionals="2" methods="1" coveredmethods="1"/>
      <file name="Button.tsx" path="C:\Users\Andrey\Desktop\innowise\contact-book\src\components\atoms\Button\Button.tsx">
        <metrics statements="5" coveredstatements="5" conditionals="2" coveredconditionals="2" methods="1" coveredmethods="1"/>
        <line num="1" count="3" type="stmt"/>
        <line num="2" count="3" type="stmt"/>
        <line num="12" count="3" type="stmt"/>
        <line num="19" count="55" type="stmt"/>
        <line num="30" count="3" type="stmt"/>
      </file>
    </package>
    <package name="atoms.Input">
      <metrics statements="6" coveredstatements="6" conditionals="7" coveredconditionals="7" methods="1" coveredmethods="1"/>
      <file name="InputField.tsx" path="C:\Users\Andrey\Desktop\innowise\contact-book\src\components\atoms\Input\InputField.tsx">
        <metrics statements="6" coveredstatements="6" conditionals="7" coveredconditionals="7" methods="1" coveredmethods="1"/>
        <line num="1" count="3" type="stmt"/>
        <line num="2" count="3" type="stmt"/>
        <line num="15" count="3" type="stmt"/>
        <line num="25" count="66" type="cond" truecount="2" falsecount="0"/>
        <line num="27" count="66" type="stmt"/>
        <line num="43" count="3" type="stmt"/>
      </file>
    </package>
    <package name="molecules.ContactCard">
      <metrics statements="5" coveredstatements="5" conditionals="0" coveredconditionals="0" methods="1" coveredmethods="1"/>
      <file name="ContactCard.tsx" path="C:\Users\Andrey\Desktop\innowise\contact-book\src\components\molecules\ContactCard\ContactCard.tsx">
        <metrics statements="5" coveredstatements="5" conditionals="0" coveredconditionals="0" methods="1" coveredmethods="1"/>
        <line num="1" count="2" type="stmt"/>
        <line num="2" count="2" type="stmt"/>
        <line num="11" count="2" type="stmt"/>
        <line num="17" count="13" type="stmt"/>
        <line num="25" count="2" type="stmt"/>
      </file>
    </package>
    <package name="molecules.ContactCardModal">
      <metrics statements="23" coveredstatements="23" conditionals="7" coveredconditionals="7" methods="6" coveredmethods="6"/>
      <file name="ContactCardModal.tsx" path="C:\Users\Andrey\Desktop\innowise\contact-book\src\components\molecules\ContactCardModal\ContactCardModal.tsx">
        <metrics statements="23" coveredstatements="23" conditionals="7" coveredconditionals="7" methods="6" coveredmethods="6"/>
        <line num="1" count="2" type="stmt"/>
        <line num="2" count="2" type="stmt"/>
        <line num="3" count="2" type="stmt"/>
        <line num="4" count="2" type="stmt"/>
        <line num="20" count="2" type="stmt"/>
        <line num="29" count="25" type="stmt"/>
        <line num="30" count="25" type="stmt"/>
        <line num="31" count="25" type="stmt"/>
        <line num="34" count="25" type="cond" truecount="3" falsecount="0"/>
        <line num="38" count="25" type="stmt"/>
        <line num="39" count="11" type="stmt"/>
        <line num="40" count="11" type="stmt"/>
        <line num="41" count="11" type="stmt"/>
        <line num="44" count="25" type="stmt"/>
        <line num="47" count="4" type="stmt"/>
        <line num="50" count="25" type="stmt"/>
        <line num="51" count="3" type="stmt"/>
        <line num="54" count="25" type="stmt"/>
        <line num="55" count="3" type="stmt"/>
        <line num="58" count="25" type="stmt"/>
        <line num="59" count="3" type="stmt"/>
        <line num="66" count="25" type="stmt"/>
        <line num="126" count="2" type="stmt"/>
      </file>
    </package>
    <package name="molecules.Modal">
      <metrics statements="14" coveredstatements="14" conditionals="1" coveredconditionals="1" methods="5" coveredmethods="5"/>
      <file name="Modal.tsx" path="C:\Users\Andrey\Desktop\innowise\contact-book\src\components\molecules\Modal\Modal.tsx">
        <metrics statements="14" coveredstatements="14" conditionals="1" coveredconditionals="1" methods="5" coveredmethods="5"/>
        <line num="1" count="2" type="stmt"/>
        <line num="2" count="2" type="stmt"/>
        <line num="3" count="2" type="stmt"/>
        <line num="10" count="2" type="stmt"/>
        <line num="11" count="8" type="stmt"/>
        <line num="12" count="8" type="stmt"/>
        <line num="13" count="1" type="cond" truecount="1" falsecount="0"/>
        <line num="14" count="1" type="stmt"/>
        <line num="18" count="8" type="stmt"/>
        <line num="20" count="8" type="stmt"/>
        <line num="21" count="8" type="stmt"/>
        <line num="24" count="8" type="stmt"/>
        <line num="32" count="4" type="stmt"/>
        <line num="44" count="2" type="stmt"/>
      </file>
    </package>
    <package name="organism.ContactCardList">
      <metrics statements="47" coveredstatements="47" conditionals="25" coveredconditionals="22" methods="14" coveredmethods="14"/>
      <file name="ContactCardList.tsx" path="C:\Users\Andrey\Desktop\innowise\contact-book\src\components\organism\ContactCardList\ContactCardList.tsx">
        <metrics statements="47" coveredstatements="47" conditionals="25" coveredconditionals="22" methods="14" coveredmethods="14"/>
        <line num="1" count="1" type="stmt"/>
        <line num="2" count="1" type="stmt"/>
        <line num="3" count="1" type="stmt"/>
        <line num="4" count="1" type="stmt"/>
        <line num="5" count="1" type="stmt"/>
        <line num="6" count="1" type="stmt"/>
        <line num="7" count="1" type="stmt"/>
        <line num="26" count="1" type="stmt"/>
        <line num="30" count="12" type="stmt"/>
        <line num="31" count="12" type="stmt"/>
        <line num="32" count="12" type="stmt"/>
        <line num="33" count="12" type="stmt"/>
        <line num="35" count="12" type="stmt"/>
        <line num="36" count="8" type="stmt"/>
        <line num="37" count="8" type="stmt"/>
        <line num="40" count="12" type="stmt"/>
        <line num="41" count="5" type="stmt"/>
        <line num="44" count="12" type="stmt"/>
        <line num="45" count="3" type="stmt"/>
        <line num="46" count="3" type="stmt"/>
        <line num="47" count="3" type="stmt"/>
        <line num="48" count="3" type="stmt"/>
        <line num="51" count="12" type="stmt"/>
        <line num="52" count="3" type="stmt"/>
        <line num="53" count="3" type="stmt"/>
        <line num="54" count="3" type="stmt"/>
        <line num="57" count="12" type="stmt"/>
        <line num="58" count="1" type="cond" truecount="1" falsecount="0"/>
        <line num="59" count="1" type="stmt"/>
        <line num="60" count="1" type="stmt"/>
        <line num="61" count="1" type="stmt"/>
        <line num="65" count="12" type="stmt"/>
        <line num="66" count="2" type="cond" truecount="2" falsecount="0"/>
        <line num="67" count="1" type="stmt"/>
        <line num="69" count="1" type="stmt"/>
        <line num="71" count="2" type="stmt"/>
        <line num="72" count="2" type="stmt"/>
        <line num="75" count="12" type="stmt"/>
        <line num="76" count="1" type="stmt"/>
        <line num="77" count="1" type="stmt"/>
        <line num="78" count="1" type="stmt"/>
        <line num="79" count="1" type="stmt"/>
        <line num="82" count="12" type="stmt"/>
        <line num="85" count="12" type="stmt"/>
        <line num="86" count="3" type="stmt"/>
        <line num="106" count="2" type="stmt"/>
        <line num="118" count="1" type="stmt"/>
      </file>
    </package>
  </project>
</coverage>
