<?xml version="1.0" encoding="UTF-8"?>
<coverage generated="1724922172434" clover="3.2.0">
  <project timestamp="1724922172435" name="All files">
    <metrics statements="95" coveredstatements="95" conditionals="29" coveredconditionals="29" methods="25" coveredmethods="25" elements="149" coveredelements="149" complexity="0" loc="95" ncloc="95" packages="7" files="7" classes="7"/>
    <package name="atoms.Button">
      <metrics statements="5" coveredstatements="5" conditionals="2" coveredconditionals="2" methods="1" coveredmethods="1"/>
      <file name="Button.tsx" path="C:\Users\Andrey\Desktop\innowise\contact-book\src\atoms\Button\Button.tsx">
        <metrics statements="5" coveredstatements="5" conditionals="2" coveredconditionals="2" methods="1" coveredmethods="1"/>
        <line num="1" count="4" type="stmt"/>
        <line num="2" count="4" type="stmt"/>
        <line num="12" count="4" type="stmt"/>
        <line num="19" count="78" type="stmt"/>
        <line num="30" count="4" type="stmt"/>
      </file>
    </package>
    <package name="atoms.Input">
      <metrics statements="6" coveredstatements="6" conditionals="7" coveredconditionals="7" methods="1" coveredmethods="1"/>
      <file name="InputField.tsx" path="C:\Users\Andrey\Desktop\innowise\contact-book\src\atoms\Input\InputField.tsx">
        <metrics statements="6" coveredstatements="6" conditionals="7" coveredconditionals="7" methods="1" coveredmethods="1"/>
        <line num="1" count="4" type="stmt"/>
        <line num="2" count="4" type="stmt"/>
        <line num="15" count="4" type="stmt"/>
        <line num="25" count="111" type="cond" truecount="2" falsecount="0"/>
        <line num="27" count="111" type="stmt"/>
        <line num="43" count="4" type="stmt"/>
      </file>
    </package>
    <package name="molecules.ConctactCardModal">
      <metrics statements="23" coveredstatements="23" conditionals="7" coveredconditionals="7" methods="6" coveredmethods="6"/>
      <file name="ContactCardModal.tsx" path="C:\Users\Andrey\Desktop\innowise\contact-book\src\molecules\ConctactCardModal\ContactCardModal.tsx">
        <metrics statements="23" coveredstatements="23" conditionals="7" coveredconditionals="7" methods="6" coveredmethods="6"/>
        <line num="1" count="1" type="stmt"/>
        <line num="2" count="1" type="stmt"/>
        <line num="3" count="1" type="stmt"/>
        <line num="4" count="1" type="stmt"/>
        <line num="20" count="1" type="stmt"/>
        <line num="29" count="15" type="stmt"/>
        <line num="30" count="15" type="stmt"/>
        <line num="31" count="15" type="stmt"/>
        <line num="34" count="15" type="cond" truecount="3" falsecount="0"/>
        <line num="38" count="15" type="stmt"/>
        <line num="39" count="7" type="stmt"/>
        <line num="40" count="7" type="stmt"/>
        <line num="41" count="7" type="stmt"/>
        <line num="44" count="15" type="stmt"/>
        <line num="47" count="2" type="stmt"/>
        <line num="50" count="15" type="stmt"/>
        <line num="51" count="2" type="stmt"/>
        <line num="54" count="15" type="stmt"/>
        <line num="55" count="2" type="stmt"/>
        <line num="58" count="15" type="stmt"/>
        <line num="59" count="1" type="stmt"/>
        <line num="66" count="15" type="stmt"/>
        <line num="126" count="1" type="stmt"/>
      </file>
    </package>
    <package name="molecules.ContactCard">
      <metrics statements="5" coveredstatements="5" conditionals="0" coveredconditionals="0" methods="1" coveredmethods="1"/>
      <file name="ContactCard.tsx" path="C:\Users\Andrey\Desktop\innowise\contact-book\src\molecules\ContactCard\ContactCard.tsx">
        <metrics statements="5" coveredstatements="5" conditionals="0" coveredconditionals="0" methods="1" coveredmethods="1"/>
        <line num="1" count="1" type="stmt"/>
        <line num="2" count="1" type="stmt"/>
        <line num="11" count="1" type="stmt"/>
        <line num="17" count="1" type="stmt"/>
        <line num="25" count="1" type="stmt"/>
      </file>
    </package>
    <package name="molecules.CreateCardModal">
      <metrics statements="19" coveredstatements="19" conditionals="5" coveredconditionals="5" methods="5" coveredmethods="5"/>
      <file name="CreateCardModal.tsx" path="C:\Users\Andrey\Desktop\innowise\contact-book\src\molecules\CreateCardModal\CreateCardModal.tsx">
        <metrics statements="19" coveredstatements="19" conditionals="5" coveredconditionals="5" methods="5" coveredmethods="5"/>
        <line num="1" count="1" type="stmt"/>
        <line num="2" count="1" type="stmt"/>
        <line num="3" count="1" type="stmt"/>
        <line num="4" count="1" type="stmt"/>
        <line num="17" count="1" type="stmt"/>
        <line num="22" count="10" type="stmt"/>
        <line num="23" count="10" type="stmt"/>
        <line num="24" count="10" type="stmt"/>
        <line num="27" count="10" type="cond" truecount="3" falsecount="0"/>
        <line num="31" count="10" type="stmt"/>
        <line num="34" count="1" type="stmt"/>
        <line num="37" count="10" type="stmt"/>
        <line num="38" count="1" type="stmt"/>
        <line num="41" count="10" type="stmt"/>
        <line num="42" count="1" type="stmt"/>
        <line num="45" count="10" type="stmt"/>
        <line num="46" count="1" type="stmt"/>
        <line num="53" count="10" type="stmt"/>
        <line num="106" count="1" type="stmt"/>
      </file>
    </package>
    <package name="molecules.EditCardModal">
      <metrics statements="23" coveredstatements="23" conditionals="7" coveredconditionals="7" methods="6" coveredmethods="6"/>
      <file name="EditCardModal.tsx" path="C:\Users\Andrey\Desktop\innowise\contact-book\src\molecules\EditCardModal\EditCardModal.tsx">
        <metrics statements="23" coveredstatements="23" conditionals="7" coveredconditionals="7" methods="6" coveredmethods="6"/>
        <line num="1" count="1" type="stmt"/>
        <line num="2" count="1" type="stmt"/>
        <line num="3" count="1" type="stmt"/>
        <line num="4" count="1" type="stmt"/>
        <line num="20" count="1" type="stmt"/>
        <line num="29" count="15" type="stmt"/>
        <line num="30" count="15" type="stmt"/>
        <line num="31" count="15" type="stmt"/>
        <line num="34" count="15" type="cond" truecount="3" falsecount="0"/>
        <line num="38" count="15" type="stmt"/>
        <line num="39" count="7" type="stmt"/>
        <line num="40" count="7" type="stmt"/>
        <line num="41" count="7" type="stmt"/>
        <line num="44" count="15" type="stmt"/>
        <line num="47" count="2" type="stmt"/>
        <line num="50" count="15" type="stmt"/>
        <line num="51" count="2" type="stmt"/>
        <line num="54" count="15" type="stmt"/>
        <line num="55" count="2" type="stmt"/>
        <line num="58" count="15" type="stmt"/>
        <line num="59" count="1" type="stmt"/>
        <line num="66" count="15" type="stmt"/>
        <line num="126" count="1" type="stmt"/>
      </file>
    </package>
    <package name="molecules.Modal">
      <metrics statements="14" coveredstatements="14" conditionals="1" coveredconditionals="1" methods="5" coveredmethods="5"/>
      <file name="Modal.tsx" path="C:\Users\Andrey\Desktop\innowise\contact-book\src\molecules\Modal\Modal.tsx">
        <metrics statements="14" coveredstatements="14" conditionals="1" coveredconditionals="1" methods="5" coveredmethods="5"/>
        <line num="1" count="1" type="stmt"/>
        <line num="2" count="1" type="stmt"/>
        <line num="3" count="1" type="stmt"/>
        <line num="10" count="1" type="stmt"/>
        <line num="11" count="4" type="stmt"/>
        <line num="12" count="4" type="stmt"/>
        <line num="13" count="1" type="cond" truecount="1" falsecount="0"/>
        <line num="14" count="1" type="stmt"/>
        <line num="18" count="4" type="stmt"/>
        <line num="20" count="4" type="stmt"/>
        <line num="21" count="4" type="stmt"/>
        <line num="24" count="4" type="stmt"/>
        <line num="32" count="1" type="stmt"/>
        <line num="44" count="1" type="stmt"/>
      </file>
    </package>
  </project>
</coverage>
