{"C:\\Users\\Andrey\\Desktop\\innowise\\contact-book\\src\\components\\atoms\\Input\\InputField.tsx": {"path":"C:\\Users\\Andrey\\Desktop\\innowise\\contact-book\\src\\components\\atoms\\Input\\InputField.tsx","statementMap":{"0":{"start":{"line":1,"column":0},"end":{"line":1,"column":26}},"1":{"start":{"line":10,"column":46},"end":{"line":17,"column":1}},"2":{"start":{"line":16,"column":2},"end":{"line":16,"column":73}},"3":{"start":{"line":19,"column":0},"end":{"line":19,"column":26}}},"fnMap":{"0":{"name":"(anonymous_1)","decl":{"start":{"line":10,"column":46},"end":{"line":10,"column":47}},"loc":{"start":{"line":15,"column":5},"end":{"line":17,"column":1}}}},"branchMap":{},"s":{"0":1,"1":1,"2":1,"3":1},"f":{"0":1},"b":{}}
}
