{"C:\\Users\\Andrey\\Desktop\\innowise\\contact-book\\src\\components\\atoms\\Button\\Button.tsx": {"path":"C:\\Users\\Andrey\\Desktop\\innowise\\contact-book\\src\\components\\atoms\\Button\\Button.tsx","statementMap":{"0":{"start":{"line":1,"column":0},"end":{"line":1,"column":26}},"1":{"start":{"line":10,"column":38},"end":{"line":25,"column":1}},"2":{"start":{"line":16,"column":2},"end":{"line":24,"column":4}},"3":{"start":{"line":27,"column":0},"end":{"line":27,"column":22}}},"fnMap":{"0":{"name":"(anonymous_1)","decl":{"start":{"line":10,"column":38},"end":{"line":10,"column":39}},"loc":{"start":{"line":15,"column":5},"end":{"line":25,"column":1}}}},"branchMap":{"0":{"loc":{"start":{"line":14,"column":2},"end":{"line":14,"column":18}},"type":"default-arg","locations":[{"start":{"line":14,"column":13},"end":{"line":14,"column":18}}]}},"s":{"0":2,"1":2,"2":6,"3":2},"f":{"0":6},"b":{"0":[5]}}
,"C:\\Users\\Andrey\\Desktop\\innowise\\contact-book\\src\\components\\atoms\\Input\\InputField.tsx": {"path":"C:\\Users\\Andrey\\Desktop\\innowise\\contact-book\\src\\components\\atoms\\Input\\InputField.tsx","statementMap":{"0":{"start":{"line":1,"column":0},"end":{"line":1,"column":26}},"1":{"start":{"line":10,"column":46},"end":{"line":17,"column":1}},"2":{"start":{"line":16,"column":2},"end":{"line":16,"column":73}},"3":{"start":{"line":19,"column":0},"end":{"line":19,"column":26}}},"fnMap":{"0":{"name":"(anonymous_1)","decl":{"start":{"line":10,"column":46},"end":{"line":10,"column":47}},"loc":{"start":{"line":15,"column":5},"end":{"line":17,"column":1}}}},"branchMap":{},"s":{"0":2,"1":2,"2":4,"3":2},"f":{"0":4},"b":{}}
,"C:\\Users\\Andrey\\Desktop\\innowise\\contact-book\\src\\components\\molecules\\Card\\AdressCard.tsx": {"path":"C:\\Users\\Andrey\\Desktop\\innowise\\contact-book\\src\\components\\molecules\\Card\\AdressCard.tsx","statementMap":{"0":{"start":{"line":1,"column":0},"end":{"line":1,"column":26}},"1":{"start":{"line":2,"column":0},"end":{"line":2,"column":47}},"2":{"start":{"line":3,"column":0},"end":{"line":3,"column":54}},"3":{"start":{"line":14,"column":34},"end":{"line":50,"column":1}},"4":{"start":{"line":22,"column":2},"end":{"line":49,"column":4}},"5":{"start":{"line":52,"column":0},"end":{"line":52,"column":20}}},"fnMap":{"0":{"name":"(anonymous_1)","decl":{"start":{"line":14,"column":34},"end":{"line":14,"column":35}},"loc":{"start":{"line":21,"column":5},"end":{"line":50,"column":1}}}},"branchMap":{},"s":{"0":1,"1":1,"2":1,"3":1,"4":1,"5":1},"f":{"0":1},"b":{}}
}
