TN:
SF:src\components\atoms\Button\Button.tsx
FN:10,(anonymous_1)
FNF:1
FNH:1
FNDA:6,(anonymous_1)
DA:1,2
DA:10,2
DA:16,6
DA:27,2
LF:4
LH:4
BRDA:14,0,0,5
BRF:1
BRH:1
end_of_record
TN:
SF:src\components\atoms\Input\InputField.tsx
FN:10,(anonymous_1)
FNF:1
FNH:1
FNDA:4,(anonymous_1)
DA:1,2
DA:10,2
DA:16,4
DA:19,2
LF:4
LH:4
BRF:0
BRH:0
end_of_record
TN:
SF:src\components\molecules\Card\AdressCard.tsx
FN:14,(anonymous_1)
FNF:1
FNH:1
FNDA:1,(anonymous_1)
DA:1,1
DA:2,1
DA:3,1
DA:14,1
DA:22,1
DA:52,1
LF:6
LH:6
BRF:0
BRH:0
end_of_record
