TN:
SF:src\components\atoms\Button\Button.tsx
FN:11,(anonymous_1)
FNF:1
FNH:1
FNDA:4,(anonymous_1)
DA:1,1
DA:2,1
DA:11,1
DA:17,4
DA:28,1
LF:5
LH:5
BRDA:15,0,0,3
BRF:1
BRH:1
end_of_record
TN:
SF:src\components\atoms\Input\InputField.tsx
FN:15,(anonymous_1)
FNF:1
FNH:1
FNDA:49,(anonymous_1)
DA:1,3
DA:2,3
DA:15,3
DA:25,49
DA:27,49
DA:43,3
LF:6
LH:6
BRDA:20,0,0,1
BRDA:21,1,0,49
BRDA:22,2,0,49
BRDA:25,3,0,0
BRDA:25,3,1,49
BRDA:29,4,0,49
BRDA:29,4,1,48
BRF:7
BRH:6
end_of_record
TN:
SF:src\components\molecules\ContactCard\ContactCard.tsx
FN:11,(anonymous_1)
FNF:1
FNH:1
FNDA:25,(anonymous_1)
DA:1,2
DA:2,2
DA:11,2
DA:17,25
DA:25,2
LF:5
LH:5
BRF:0
BRH:0
end_of_record
TN:
SF:src\components\molecules\ContactCardModal\ContactCardModal.tsx
FN:18,(anonymous_7)
FN:30,(anonymous_8)
FN:36,(anonymous_9)
FN:40,(anonymous_10)
FN:44,(anonymous_11)
FNF:5
FNH:5
FNDA:16,(anonymous_7)
FNDA:3,(anonymous_8)
FNDA:2,(anonymous_9)
FNDA:2,(anonymous_10)
FNDA:3,(anonymous_11)
DA:1,2
DA:2,2
DA:3,2
DA:18,2
DA:26,16
DA:27,16
DA:28,16
DA:30,16
DA:33,3
DA:36,16
DA:37,2
DA:40,16
DA:41,2
DA:44,16
DA:45,3
DA:52,16
DA:86,2
LF:17
LH:17
BRF:0
BRH:0
end_of_record
TN:
SF:src\components\molecules\Modal\Modal.tsx
FN:10,(anonymous_1)
FN:19,(anonymous_2)
FNF:2
FNH:2
FNDA:7,(anonymous_1)
FNDA:5,(anonymous_2)
DA:1,2
DA:2,2
DA:3,2
DA:10,2
DA:11,7
DA:19,5
DA:31,2
LF:7
LH:7
BRF:0
BRH:0
end_of_record
TN:
SF:src\components\organism\ContactCardList\ContactCardList.tsx
FN:25,(anonymous_14)
FN:32,(anonymous_15)
FN:33,(anonymous_16)
FN:33,(anonymous_17)
FN:45,(anonymous_18)
FN:50,(anonymous_19)
FN:55,(anonymous_20)
FN:55,(anonymous_21)
FN:59,(anonymous_22)
FN:60,(anonymous_23)
FN:72,(anonymous_24)
FN:72,(anonymous_25)
FN:75,(anonymous_26)
FN:76,(anonymous_27)
FN:86,(anonymous_28)
FN:88,(anonymous_29)
FN:98,(anonymous_30)
FN:101,(anonymous_31)
FNF:18
FNH:14
FNDA:13,(anonymous_14)
FNDA:6,(anonymous_15)
FNDA:6,(anonymous_16)
FNDA:6,(anonymous_17)
FNDA:4,(anonymous_18)
FNDA:3,(anonymous_19)
FNDA:2,(anonymous_20)
FNDA:2,(anonymous_21)
FNDA:0,(anonymous_22)
FNDA:0,(anonymous_23)
FNDA:1,(anonymous_24)
FNDA:1,(anonymous_25)
FNDA:0,(anonymous_26)
FNDA:0,(anonymous_27)
FNDA:24,(anonymous_28)
FNDA:4,(anonymous_29)
FNDA:2,(anonymous_30)
FNDA:1,(anonymous_31)
DA:2,1
DA:3,1
DA:4,1
DA:5,1
DA:6,1
DA:7,1
DA:25,1
DA:29,13
DA:30,13
DA:32,13
DA:33,6
DA:34,6
DA:35,6
DA:36,5
DA:38,1
DA:42,6
DA:45,13
DA:46,4
DA:47,4
DA:50,13
DA:51,3
DA:52,3
DA:55,13
DA:56,2
DA:57,2
DA:59,1
DA:60,0
DA:61,0
DA:67,1
DA:69,1
DA:72,13
DA:73,1
DA:74,1
DA:75,1
DA:76,0
DA:78,1
DA:80,0
DA:84,13
DA:87,24
DA:88,4
DA:99,2
DA:101,1
DA:110,1
LF:43
LH:39
BRDA:61,0,0,0
BRDA:61,0,1,0
BRDA:92,1,0,13
BRDA:92,1,1,4
BRDA:92,1,2,4
BRF:5
BRH:3
end_of_record
